<?xml version="1.0" encoding="UTF-8"?>
<testng-results ignored="0" total="2" passed="2" failed="0" skipped="0">
  <reporter-output>
  </reporter-output>
  <suite started-at="2023-12-03T10:10:15 EST" name="regression" finished-at="2023-12-03T10:10:55 EST" duration-ms="40088">
    <groups>
      <group name="regression">
        <method signature="NewTest.Test1()[pri:0, instance:ecommerce.batch8Testng.NewTest@59fbb34]" name="Test1" class="ecommerce.batch8Testng.NewTest"/>
        <method signature="NewTest.Test2()[pri:0, instance:ecommerce.batch8Testng.NewTest@59fbb34]" name="Test2" class="ecommerce.batch8Testng.NewTest"/>
      </group> <!-- regression -->
    </groups>
    <test started-at="2023-12-03T10:10:15 EST" name="fbhome_restart browser" finished-at="2023-12-03T10:10:55 EST" duration-ms="40088">
      <class name="ecommerce.batch8Testng.NewTest">
        <test-method is-config="true" signature="beforeMethod(java.lang.String)[pri:0, instance:ecommerce.batch8Testng.NewTest@59fbb34]" started-at="2023-12-03T10:10:15 EST" name="beforeMethod" finished-at="2023-12-03T10:10:25 EST" duration-ms="10111" status="PASS">
          <params>
            <param index="0">
              <value>
                <![CDATA[chrome]]>
              </value>
            </param>
          </params>
          <reporter-output>
          </reporter-output>
        </test-method> <!-- beforeMethod -->
        <test-method signature="Test1()[pri:0, instance:ecommerce.batch8Testng.NewTest@59fbb34]" started-at="2023-12-03T10:10:25 EST" name="Test1" finished-at="2023-12-03T10:10:31 EST" duration-ms="5751" status="PASS">
          <reporter-output>
          </reporter-output>
        </test-method> <!-- Test1 -->
        <test-method is-config="true" signature="afterMethod()[pri:0, instance:ecommerce.batch8Testng.NewTest@59fbb34]" started-at="2023-12-03T10:10:31 EST" name="afterMethod" finished-at="2023-12-03T10:10:36 EST" duration-ms="5252" status="PASS">
          <reporter-output>
          </reporter-output>
        </test-method> <!-- afterMethod -->
        <test-method is-config="true" signature="beforeMethod(java.lang.String)[pri:0, instance:ecommerce.batch8Testng.NewTest@59fbb34]" started-at="2023-12-03T10:10:36 EST" name="beforeMethod" finished-at="2023-12-03T10:10:44 EST" duration-ms="8042" status="PASS">
          <params>
            <param index="0">
              <value>
                <![CDATA[chrome]]>
              </value>
            </param>
          </params>
          <reporter-output>
          </reporter-output>
        </test-method> <!-- beforeMethod -->
        <test-method signature="Test2()[pri:0, instance:ecommerce.batch8Testng.NewTest@59fbb34]" started-at="2023-12-03T10:10:44 EST" name="Test2" finished-at="2023-12-03T10:10:50 EST" duration-ms="5603" status="PASS">
          <reporter-output>
          </reporter-output>
        </test-method> <!-- Test2 -->
        <test-method is-config="true" signature="afterMethod()[pri:0, instance:ecommerce.batch8Testng.NewTest@59fbb34]" started-at="2023-12-03T10:10:50 EST" name="afterMethod" finished-at="2023-12-03T10:10:55 EST" duration-ms="5159" status="PASS">
          <reporter-output>
          </reporter-output>
        </test-method> <!-- afterMethod -->
      </class> <!-- ecommerce.batch8Testng.NewTest -->
    </test> <!-- fbhome_restart browser -->
  </suite> <!-- regression -->
</testng-results>
